# JRE version: OpenJDK Runtime Environment Temurin-17.0.12+7 (17.0.12+7) (build 17.0.12+7)
# Java VM: OpenJDK 64-Bit Server VM Temurin-17.0.12+7 (17.0.12+7, mixed mode, emulated-client, tiered, compressed oops, compressed class ptrs, g1 gc, windows-amd64)
GC Precious Log:
 CPUs: 8 total, 8 available
 Memory: 7932M
 Large Page Support: Disabled
 NUMA Support: Disabled
 Compressed Oops: Enabled (32-bit)
 Heap Region Size: 1M
 Heap Min Capacity: 8M
 Heap Initial Capacity: 124M
 Heap Max Capacity: 1G
 Pre-touch: Disabled
 Parallel Workers: 8
 Concurrent Workers: 2
 Concurrent Refinement Workers: 8
 Periodic GC: Disabled
Heap:
 garbage-first heap   total 89088K, used 28291K [0x00000000c0000000, 0x0000000100000000)
  region size 1024K, 4 young (4096K), 4 survivors (4096K)
 Metaspace       used 35793K, committed 36160K, reserved 1114112K
  class space    used 4412K, committed 4608K, reserved 1048576K
GC Heap History (13 events):
Event: 0.405 GC heap before
{Heap before GC invocations=0 (full 0):
 garbage-first heap   total 126976K, used 28672K [0x00000000c0000000, 0x0000000100000000)
  region size 1024K, 23 young (23552K), 0 survivors (0K)
 Metaspace       used 7822K, committed 7936K, reserved 1114112K
  class space    used 834K, committed 896K, reserved 1048576K
}
Event: 0.410 GC heap after
{Heap after GC invocations=1 (full 0):
 garbage-first heap   total 126976K, used 15314K [0x00000000c0000000, 0x0000000100000000)
  region size 1024K, 3 young (3072K), 3 survivors (3072K)
 Metaspace       used 7822K, committed 7936K, reserved 1114112K
  class space    used 834K, committed 896K, reserved 1048576K
}
Event: 0.702 GC heap before
{Heap before GC invocations=1 (full 0):
 garbage-first heap   total 126976K, used 37842K [0x00000000c0000000, 0x0000000100000000)
  region size 1024K, 26 young (26624K), 3 survivors (3072K)
 Metaspace       used 13630K, committed 13824K, reserved 1114112K
  class space    used 1681K, committed 1792K, reserved 1048576K
}
Event: 0.706 GC heap after
{Heap after GC invocations=2 (full 0):
 garbage-first heap   total 126976K, used 17252K [0x00000000c0000000, 0x0000000100000000)
  region size 1024K, 2 young (2048K), 2 survivors (2048K)
 Metaspace       used 13630K, committed 13824K, reserved 1114112K
  class space    used 1681K, committed 1792K, reserved 1048576K
}
Event: 1.010 GC heap before
{Heap before GC invocations=2 (full 0):
 garbage-first heap   total 126976K, used 52068K [0x00000000c0000000, 0x0000000100000000)
  region size 1024K, 38 young (38912K), 2 survivors (2048K)
 Metaspace       used 21287K, committed 21504K, reserved 1114112K
  class space    used 2626K, committed 2752K, reserved 1048576K
}
Event: 1.016 GC heap after
{Heap after GC invocations=3 (full 0):
 garbage-first heap   total 126976K, used 20449K [0x00000000c0000000, 0x0000000100000000)
  region size 1024K, 5 young (5120K), 5 survivors (5120K)
 Metaspace       used 21287K, committed 21504K, reserved 1114112K
  class space    used 2626K, committed 2752K, reserved 1048576K
}
Event: 1.285 GC heap before
{Heap before GC invocations=4 (full 0):
 garbage-first heap   total 75776K, used 56289K [0x00000000c0000000, 0x0000000100000000)
  region size 1024K, 42 young (43008K), 5 survivors (5120K)
 Metaspace       used 27672K, committed 27904K, reserved 1114112K
  class space    used 3463K, committed 3584K, reserved 1048576K
}
Event: 1.291 GC heap after
{Heap after GC invocations=5 (full 0):
 garbage-first heap   total 75776K, used 24210K [0x00000000c0000000, 0x0000000100000000)
  region size 1024K, 7 young (7168K), 7 survivors (7168K)
 Metaspace       used 27672K, committed 27904K, reserved 1114112K
  class space    used 3463K, committed 3584K, reserved 1048576K
}
Event: 1.303 GC heap before
{Heap before GC invocations=5 (full 0):
 garbage-first heap   total 75776K, used 24210K [0x00000000c0000000, 0x0000000100000000)
  region size 1024K, 8 young (8192K), 7 survivors (7168K)
 Metaspace       used 27913K, committed 28160K, reserved 1114112K
  class space    used 3484K, committed 3584K, reserved 1048576K
}
Event: 1.310 GC heap after
{Heap after GC invocations=6 (full 0):
 garbage-first heap   total 75776K, used 24271K [0x00000000c0000000, 0x0000000100000000)
  region size 1024K, 1 young (1024K), 1 survivors (1024K)
 Metaspace       used 27913K, committed 28160K, reserved 1114112K
  class space    used 3484K, committed 3584K, reserved 1048576K
}
Event: 1.784 GC heap before
{Heap before GC invocations=6 (full 0):
 garbage-first heap   total 75776K, used 49871K [0x00000000c0000000, 0x0000000100000000)
  region size 1024K, 27 young (27648K), 1 survivors (1024K)
 Metaspace       used 32008K, committed 32320K, reserved 1114112K
  class space    used 4055K, committed 4224K, reserved 1048576K
}
Event: 1.792 GC heap after
{Heap after GC invocations=7 (full 0):
 garbage-first heap   total 75776K, used 25295K [0x00000000c0000000, 0x0000000100000000)
  region size 1024K, 2 young (2048K), 2 survivors (2048K)
 Metaspace       used 32008K, committed 32320K, reserved 1114112K
  class space    used 4055K, committed 4224K, reserved 1048576K
}
Event: 2.190 GC heap before
{Heap before GC invocations=7 (full 0):
 garbage-first heap   total 75776K, used 51919K [0x00000000c0000000, 0x0000000100000000)
  region size 1024K, 28 young (28672K), 2 survivors (2048K)
 Metaspace       used 35793K, committed 36160K, reserved 1114112K
  class space    used 4412K, committed 4608K, reserved 1048576K
}

