# JRE version: OpenJDK Runtime Environment Temurin-17.0.12+7 (17.0.12+7) (build 17.0.12+7)
# Java VM: OpenJDK 64-Bit Server VM Temurin-17.0.12+7 (17.0.12+7, mixed mode, emulated-client, tiered, compressed oops, compressed class ptrs, g1 gc, windows-amd64)
GC Precious Log:
 CPUs: 8 total, 8 available
 Memory: 7932M
 Large Page Support: Disabled
 NUMA Support: Disabled
 Compressed Oops: Enabled (32-bit)
 Heap Region Size: 1M
 Heap Min Capacity: 8M
 Heap Initial Capacity: 124M
 Heap Max Capacity: 1G
 Pre-touch: Disabled
 Parallel Workers: 8
 Concurrent Workers: 2
 Concurrent Refinement Workers: 8
 Periodic GC: Disabled
Heap:
 garbage-first heap   total 83968K, used 40400K [0x00000000c0000000, 0x0000000100000000)
  region size 1024K, 1 young (1024K), 0 survivors (0K)
 Metaspace       used 60785K, committed 61568K, reserved 1114112K
  class space    used 7368K, committed 7680K, reserved 1048576K
GC Heap History (20 events):
Event: 7137.482 GC heap after
{Heap after GC invocations=705 (full 685):
 garbage-first heap   total 83968K, used 40400K [0x00000000c0000000, 0x0000000100000000)
  region size 1024K, 0 young (0K), 0 survivors (0K)
 Metaspace       used 60785K, committed 61568K, reserved 1114112K
  class space    used 7368K, committed 7680K, reserved 1048576K
}
Event: 7147.733 GC heap before
{Heap before GC invocations=705 (full 685):
 garbage-first heap   total 83968K, used 40400K [0x00000000c0000000, 0x0000000100000000)
  region size 1024K, 1 young (1024K), 0 survivors (0K)
 Metaspace       used 60785K, committed 61568K, reserved 1114112K
  class space    used 7368K, committed 7680K, reserved 1048576K
}
Event: 7147.759 GC heap after
{Heap after GC invocations=706 (full 686):
 garbage-first heap   total 83968K, used 40400K [0x00000000c0000000, 0x0000000100000000)
  region size 1024K, 0 young (0K), 0 survivors (0K)
 Metaspace       used 60785K, committed 61568K, reserved 1114112K
  class space    used 7368K, committed 7680K, reserved 1048576K
}
Event: 7158.012 GC heap before
{Heap before GC invocations=706 (full 686):
 garbage-first heap   total 83968K, used 40400K [0x00000000c0000000, 0x0000000100000000)
  region size 1024K, 1 young (1024K), 0 survivors (0K)
 Metaspace       used 60785K, committed 61568K, reserved 1114112K
  class space    used 7368K, committed 7680K, reserved 1048576K
}
Event: 7158.047 GC heap after
{Heap after GC invocations=707 (full 687):
 garbage-first heap   total 83968K, used 40400K [0x00000000c0000000, 0x0000000100000000)
  region size 1024K, 0 young (0K), 0 survivors (0K)
 Metaspace       used 60785K, committed 61568K, reserved 1114112K
  class space    used 7368K, committed 7680K, reserved 1048576K
}
Event: 7168.278 GC heap before
{Heap before GC invocations=707 (full 687):
 garbage-first heap   total 83968K, used 40400K [0x00000000c0000000, 0x0000000100000000)
  region size 1024K, 1 young (1024K), 0 survivors (0K)
 Metaspace       used 60785K, committed 61568K, reserved 1114112K
  class space    used 7368K, committed 7680K, reserved 1048576K
}
Event: 7168.320 GC heap after
{Heap after GC invocations=708 (full 688):
 garbage-first heap   total 83968K, used 40400K [0x00000000c0000000, 0x0000000100000000)
  region size 1024K, 0 young (0K), 0 survivors (0K)
 Metaspace       used 60785K, committed 61568K, reserved 1114112K
  class space    used 7368K, committed 7680K, reserved 1048576K
}
Event: 7178.535 GC heap before
{Heap before GC invocations=708 (full 688):
 garbage-first heap   total 83968K, used 40400K [0x00000000c0000000, 0x0000000100000000)
  region size 1024K, 1 young (1024K), 0 survivors (0K)
 Metaspace       used 60785K, committed 61568K, reserved 1114112K
  class space    used 7368K, committed 7680K, reserved 1048576K
}
Event: 7178.570 GC heap after
{Heap after GC invocations=709 (full 689):
 garbage-first heap   total 83968K, used 40400K [0x00000000c0000000, 0x0000000100000000)
  region size 1024K, 0 young (0K), 0 survivors (0K)
 Metaspace       used 60785K, committed 61568K, reserved 1114112K
  class space    used 7368K, committed 7680K, reserved 1048576K
}
Event: 7190.555 GC heap before
{Heap before GC invocations=709 (full 689):
 garbage-first heap   total 83968K, used 40400K [0x00000000c0000000, 0x0000000100000000)
  region size 1024K, 1 young (1024K), 0 survivors (0K)
 Metaspace       used 60785K, committed 61568K, reserved 1114112K
  class space    used 7368K, committed 7680K, reserved 1048576K
}
Event: 7190.623 GC heap after
{Heap after GC invocations=710 (full 690):
 garbage-first heap   total 83968K, used 40400K [0x00000000c0000000, 0x0000000100000000)
  region size 1024K, 0 young (0K), 0 survivors (0K)
 Metaspace       used 60785K, committed 61568K, reserved 1114112K
  class space    used 7368K, committed 7680K, reserved 1048576K
}
Event: 7201.509 GC heap before
{Heap before GC invocations=710 (full 690):
 garbage-first heap   total 83968K, used 40400K [0x00000000c0000000, 0x0000000100000000)
  region size 1024K, 1 young (1024K), 0 survivors (0K)
 Metaspace       used 60785K, committed 61568K, reserved 1114112K
  class space    used 7368K, committed 7680K, reserved 1048576K
}
Event: 7201.561 GC heap after
{Heap after GC invocations=711 (full 691):
 garbage-first heap   total 83968K, used 40400K [0x00000000c0000000, 0x0000000100000000)
  region size 1024K, 0 young (0K), 0 survivors (0K)
 Metaspace       used 60785K, committed 61568K, reserved 1114112K
  class space    used 7368K, committed 7680K, reserved 1048576K
}
Event: 7211.959 GC heap before
{Heap before GC invocations=711 (full 691):
 garbage-first heap   total 83968K, used 40400K [0x00000000c0000000, 0x0000000100000000)
  region size 1024K, 1 young (1024K), 0 survivors (0K)
 Metaspace       used 60785K, committed 61568K, reserved 1114112K
  class space    used 7368K, committed 7680K, reserved 1048576K
}
Event: 7212.006 GC heap after
{Heap after GC invocations=712 (full 692):
 garbage-first heap   total 83968K, used 40400K [0x00000000c0000000, 0x0000000100000000)
  region size 1024K, 0 young (0K), 0 survivors (0K)
 Metaspace       used 60785K, committed 61568K, reserved 1114112K
  class space    used 7368K, committed 7680K, reserved 1048576K
}
Event: 7222.339 GC heap before
{Heap before GC invocations=712 (full 692):
 garbage-first heap   total 83968K, used 40400K [0x00000000c0000000, 0x0000000100000000)
  region size 1024K, 1 young (1024K), 0 survivors (0K)
 Metaspace       used 60785K, committed 61568K, reserved 1114112K
  class space    used 7368K, committed 7680K, reserved 1048576K
}
Event: 7222.389 GC heap after
{Heap after GC invocations=713 (full 693):
 garbage-first heap   total 83968K, used 40400K [0x00000000c0000000, 0x0000000100000000)
  region size 1024K, 0 young (0K), 0 survivors (0K)
 Metaspace       used 60785K, committed 61568K, reserved 1114112K
  class space    used 7368K, committed 7680K, reserved 1048576K
}
Event: 7233.335 GC heap before
{Heap before GC invocations=713 (full 693):
 garbage-first heap   total 83968K, used 40400K [0x00000000c0000000, 0x0000000100000000)
  region size 1024K, 1 young (1024K), 0 survivors (0K)
 Metaspace       used 60785K, committed 61568K, reserved 1114112K
  class space    used 7368K, committed 7680K, reserved 1048576K
}
Event: 7233.405 GC heap after
{Heap after GC invocations=714 (full 694):
 garbage-first heap   total 83968K, used 40400K [0x00000000c0000000, 0x0000000100000000)
  region size 1024K, 0 young (0K), 0 survivors (0K)
 Metaspace       used 60785K, committed 61568K, reserved 1114112K
  class space    used 7368K, committed 7680K, reserved 1048576K
}
Event: 7247.048 GC heap before
{Heap before GC invocations=714 (full 694):
 garbage-first heap   total 83968K, used 40400K [0x00000000c0000000, 0x0000000100000000)
  region size 1024K, 1 young (1024K), 0 survivors (0K)
 Metaspace       used 60785K, committed 61568K, reserved 1114112K
  class space    used 7368K, committed 7680K, reserved 1048576K
}

