# JRE version: OpenJDK Runtime Environment Temurin-17.0.12+7 (17.0.12+7) (build 17.0.12+7)
# Java VM: OpenJDK 64-Bit Server VM Temurin-17.0.12+7 (17.0.12+7, mixed mode, emulated-client, tiered, compressed oops, compressed class ptrs, g1 gc, windows-amd64)
GC Precious Log:
 CPUs: 8 total, 8 available
 Memory: 7932M
 Large Page Support: Disabled
 NUMA Support: Disabled
 Compressed Oops: Enabled (32-bit)
 Heap Region Size: 1M
 Heap Min Capacity: 8M
 Heap Initial Capacity: 124M
 Heap Max Capacity: 1G
 Pre-touch: Disabled
 Parallel Workers: 8
 Concurrent Workers: 2
 Concurrent Refinement Workers: 8
 Periodic GC: Disabled
Heap:
 garbage-first heap   total 133120K, used 40094K [0x00000000c0000000, 0x0000000100000000)
  region size 1024K, 1 young (1024K), 0 survivors (0K)
 Metaspace       used 62788K, committed 63424K, reserved 1114112K
  class space    used 7714K, committed 8000K, reserved 1048576K
GC Heap History (20 events):
Event: 10715.739 GC heap after
{Heap after GC invocations=1012 (full 985):
 garbage-first heap   total 133120K, used 40094K [0x00000000c0000000, 0x0000000100000000)
  region size 1024K, 0 young (0K), 0 survivors (0K)
 Metaspace       used 62788K, committed 63424K, reserved 1114112K
  class space    used 7714K, committed 8000K, reserved 1048576K
}
Event: 10726.127 GC heap before
{Heap before GC invocations=1012 (full 985):
 garbage-first heap   total 133120K, used 40094K [0x00000000c0000000, 0x0000000100000000)
  region size 1024K, 1 young (1024K), 0 survivors (0K)
 Metaspace       used 62788K, committed 63424K, reserved 1114112K
  class space    used 7714K, committed 8000K, reserved 1048576K
}
Event: 10726.198 GC heap after
{Heap after GC invocations=1013 (full 986):
 garbage-first heap   total 133120K, used 40094K [0x00000000c0000000, 0x0000000100000000)
  region size 1024K, 0 young (0K), 0 survivors (0K)
 Metaspace       used 62788K, committed 63424K, reserved 1114112K
  class space    used 7714K, committed 8000K, reserved 1048576K
}
Event: 10736.787 GC heap before
{Heap before GC invocations=1013 (full 986):
 garbage-first heap   total 133120K, used 40094K [0x00000000c0000000, 0x0000000100000000)
  region size 1024K, 1 young (1024K), 0 survivors (0K)
 Metaspace       used 62788K, committed 63424K, reserved 1114112K
  class space    used 7714K, committed 8000K, reserved 1048576K
}
Event: 10736.856 GC heap after
{Heap after GC invocations=1014 (full 987):
 garbage-first heap   total 133120K, used 40094K [0x00000000c0000000, 0x0000000100000000)
  region size 1024K, 0 young (0K), 0 survivors (0K)
 Metaspace       used 62788K, committed 63424K, reserved 1114112K
  class space    used 7714K, committed 8000K, reserved 1048576K
}
Event: 10747.248 GC heap before
{Heap before GC invocations=1014 (full 987):
 garbage-first heap   total 133120K, used 40094K [0x00000000c0000000, 0x0000000100000000)
  region size 1024K, 1 young (1024K), 0 survivors (0K)
 Metaspace       used 62788K, committed 63424K, reserved 1114112K
  class space    used 7714K, committed 8000K, reserved 1048576K
}
Event: 10747.310 GC heap after
{Heap after GC invocations=1015 (full 988):
 garbage-first heap   total 133120K, used 40094K [0x00000000c0000000, 0x0000000100000000)
  region size 1024K, 0 young (0K), 0 survivors (0K)
 Metaspace       used 62788K, committed 63424K, reserved 1114112K
  class space    used 7714K, committed 8000K, reserved 1048576K
}
Event: 10757.522 GC heap before
{Heap before GC invocations=1015 (full 988):
 garbage-first heap   total 133120K, used 40094K [0x00000000c0000000, 0x0000000100000000)
  region size 1024K, 1 young (1024K), 0 survivors (0K)
 Metaspace       used 62788K, committed 63424K, reserved 1114112K
  class space    used 7714K, committed 8000K, reserved 1048576K
}
Event: 10757.555 GC heap after
{Heap after GC invocations=1016 (full 989):
 garbage-first heap   total 133120K, used 40094K [0x00000000c0000000, 0x0000000100000000)
  region size 1024K, 0 young (0K), 0 survivors (0K)
 Metaspace       used 62788K, committed 63424K, reserved 1114112K
  class space    used 7714K, committed 8000K, reserved 1048576K
}
Event: 10767.762 GC heap before
{Heap before GC invocations=1016 (full 989):
 garbage-first heap   total 133120K, used 40094K [0x00000000c0000000, 0x0000000100000000)
  region size 1024K, 1 young (1024K), 0 survivors (0K)
 Metaspace       used 62788K, committed 63424K, reserved 1114112K
  class space    used 7714K, committed 8000K, reserved 1048576K
}
Event: 10767.781 GC heap after
{Heap after GC invocations=1017 (full 990):
 garbage-first heap   total 133120K, used 40094K [0x00000000c0000000, 0x0000000100000000)
  region size 1024K, 0 young (0K), 0 survivors (0K)
 Metaspace       used 62788K, committed 63424K, reserved 1114112K
  class space    used 7714K, committed 8000K, reserved 1048576K
}
Event: 10777.991 GC heap before
{Heap before GC invocations=1017 (full 990):
 garbage-first heap   total 133120K, used 40094K [0x00000000c0000000, 0x0000000100000000)
  region size 1024K, 1 young (1024K), 0 survivors (0K)
 Metaspace       used 62788K, committed 63424K, reserved 1114112K
  class space    used 7714K, committed 8000K, reserved 1048576K
}
Event: 10778.024 GC heap after
{Heap after GC invocations=1018 (full 991):
 garbage-first heap   total 133120K, used 40094K [0x00000000c0000000, 0x0000000100000000)
  region size 1024K, 0 young (0K), 0 survivors (0K)
 Metaspace       used 62788K, committed 63424K, reserved 1114112K
  class space    used 7714K, committed 8000K, reserved 1048576K
}
Event: 10788.282 GC heap before
{Heap before GC invocations=1018 (full 991):
 garbage-first heap   total 133120K, used 40094K [0x00000000c0000000, 0x0000000100000000)
  region size 1024K, 1 young (1024K), 0 survivors (0K)
 Metaspace       used 62788K, committed 63424K, reserved 1114112K
  class space    used 7714K, committed 8000K, reserved 1048576K
}
Event: 10788.306 GC heap after
{Heap after GC invocations=1019 (full 992):
 garbage-first heap   total 133120K, used 40094K [0x00000000c0000000, 0x0000000100000000)
  region size 1024K, 0 young (0K), 0 survivors (0K)
 Metaspace       used 62788K, committed 63424K, reserved 1114112K
  class space    used 7714K, committed 8000K, reserved 1048576K
}
Event: 10798.589 GC heap before
{Heap before GC invocations=1019 (full 992):
 garbage-first heap   total 133120K, used 40094K [0x00000000c0000000, 0x0000000100000000)
  region size 1024K, 1 young (1024K), 0 survivors (0K)
 Metaspace       used 62788K, committed 63424K, reserved 1114112K
  class space    used 7714K, committed 8000K, reserved 1048576K
}
Event: 10798.618 GC heap after
{Heap after GC invocations=1020 (full 993):
 garbage-first heap   total 133120K, used 40094K [0x00000000c0000000, 0x0000000100000000)
  region size 1024K, 0 young (0K), 0 survivors (0K)
 Metaspace       used 62788K, committed 63424K, reserved 1114112K
  class space    used 7714K, committed 8000K, reserved 1048576K
}
Event: 10809.026 GC heap before
{Heap before GC invocations=1020 (full 993):
 garbage-first heap   total 133120K, used 40094K [0x00000000c0000000, 0x0000000100000000)
  region size 1024K, 1 young (1024K), 0 survivors (0K)
 Metaspace       used 62788K, committed 63424K, reserved 1114112K
  class space    used 7714K, committed 8000K, reserved 1048576K
}
Event: 10809.062 GC heap after
{Heap after GC invocations=1021 (full 994):
 garbage-first heap   total 133120K, used 40094K [0x00000000c0000000, 0x0000000100000000)
  region size 1024K, 0 young (0K), 0 survivors (0K)
 Metaspace       used 62788K, committed 63424K, reserved 1114112K
  class space    used 7714K, committed 8000K, reserved 1048576K
}
Event: 10819.252 GC heap before
{Heap before GC invocations=1021 (full 994):
 garbage-first heap   total 133120K, used 40094K [0x00000000c0000000, 0x0000000100000000)
  region size 1024K, 1 young (1024K), 0 survivors (0K)
 Metaspace       used 62788K, committed 63424K, reserved 1114112K
  class space    used 7714K, committed 8000K, reserved 1048576K
}

